This is pdfTeX, Version 3.141592653-2.6-1.40.24 (TeX Live 2022) (preloaded format=pdflatex 2023.2.26)  22 JUL 2023 18:50
entering extended mode
 restricted \write18 enabled.
 file:line:error style messages enabled.
 %&-line parsing enabled.
**c:/Users/Luky/OneDrive/Plocha/bakal√°≈ôka/kidiplom2/kidiplom/kidiplom
(c:/Users/Luky/OneDrive/Plocha/bakal√°≈ôka/kidiplom2/kidiplom/kidiplom.tex
LaTeX2e <2022-11-01> patch level 1
L3 programming layer <2023-02-22> (./kidiplom.cls
Document Class: kidiplom 2012/09/09 KI PrF UP v Olomouci Diploma Class

Class kidiplom Warning: [kidiplom] You are using kidiplom class 1.2.

(c:/texlive/2022/texmf-dist/tex/latex/base/article.cls
Document Class: article 2022/07/02 v1.4n Standard LaTeX document class
(c:/texlive/2022/texmf-dist/tex/latex/base/size12.clo
File: size12.clo 2022/07/02 v1.4n Standard LaTeX file (size option)
)
\c@part=\count185
\c@section=\count186
\c@subsection=\count187
\c@subsubsection=\count188
\c@paragraph=\count189
\c@subparagraph=\count190
\c@figure=\count191
\c@table=\count192
\abovecaptionskip=\skip48
\belowcaptionskip=\skip49
\bibindent=\dimen140
) (c:/texlive/2022/texmf-dist/tex/latex/kvoptions/kvoptions.sty
Package: kvoptions 2022-06-15 v3.15 Key value format for package options (HO)
 (c:/texlive/2022/texmf-dist/tex/latex/graphics/keyval.sty
Package: keyval 2022/05/29 v1.15 key=value parser (DPC)
\KV@toks@=\toks16
) (c:/texlive/2022/texmf-dist/tex/generic/ltxcmds/ltxcmds.sty
Package: ltxcmds 2020-05-10 v1.25 LaTeX kernel commands for general use (HO)
) (c:/texlive/2022/texmf-dist/tex/latex/kvsetkeys/kvsetkeys.sty
Package: kvsetkeys 2022-10-05 v1.19 Key value parser (HO)
)) (./kibase.sty
Package: kibase 2012/09/09 KI PrF UP v Olomouci Base Style
 (c:/texlive/2022/texmf-dist/tex/latex/base/inputenc.sty
Package: inputenc 2021/02/14 v1.3d Input encoding file
\inpenc@prehook=\toks17
\inpenc@posthook=\toks18
) (c:/texlive/2022/texmf-dist/tex/generic/babel/babel.sty
Package: babel 2023/02/13 3.86 The Babel package
\babel@savecnt=\count193
\U@D=\dimen141
\l@unhyphenated=\language87
 (c:/texlive/2022/texmf-dist/tex/generic/babel/txtbabel.def)
\bbl@readstream=\read2
\bbl@dirlevel=\count194
 (c:/texlive/2022/texmf-dist/tex/generic/babel-czech/czech.ldf
Language: czech 2008/07/06 v3.1a Czech support from the babel system
Package babel Info: Making " an active character on input line 172.
\cs@wordlen=\count195
Package babel Info: Making - an active character on input line 226.
) (c:/texlive/2022/texmf-dist/tex/generic/babel-english/english.ldf
Language: english 2017/06/06 v3.3r English support from the babel system
Package babel Info: Hyphen rules for 'canadian' set to \l@english
(babel)             (\language0). Reported on input line 102.
Package babel Info: Hyphen rules for 'australian' set to \l@ukenglish
(babel)             (\language21). Reported on input line 105.
Package babel Info: Hyphen rules for 'newzealand' set to \l@ukenglish
(babel)             (\language21). Reported on input line 108.
) (c:/texlive/2022/texmf-dist/tex/generic/babel-czech/czech.ldf
Language: czech 2008/07/06 v3.1a Czech support from the babel system
)) (c:/texlive/2022/texmf-dist/tex/generic/babel/locale/cs/babel-czech.tex
Package babel Info: Importing font and identification data for czech
(babel)             from babel-cs.ini. Reported on input line 11.
) (c:/texlive/2022/texmf-dist/tex/generic/babel/locale/en/babel-english.tex
Package babel Info: Importing font and identification data for english
(babel)             from babel-en.ini. Reported on input line 11.
) (c:/texlive/2022/texmf-dist/tex/latex/xcolor/xcolor.sty
Package: xcolor 2022/06/12 v2.14 LaTeX color extensions (UK)
 (c:/texlive/2022/texmf-dist/tex/latex/graphics-cfg/color.cfg
File: color.cfg 2016/01/02 v1.6 sample color configuration
)
Package xcolor Info: Package option `usenames' ignored on input line 218.
Package xcolor Info: Driver file: pdftex.def on input line 227.
 (c:/texlive/2022/texmf-dist/tex/latex/graphics-def/pdftex.def
File: pdftex.def 2022/09/22 v1.2b Graphics/color driver for pdftex
) (c:/texlive/2022/texmf-dist/tex/latex/colortbl/colortbl.sty
Package: colortbl 2022/06/20 v1.0f Color table columns (DPC)
 (c:/texlive/2022/texmf-dist/tex/latex/tools/array.sty
Package: array 2022/09/04 v2.5g Tabular extension package (FMi)
\col@sep=\dimen142
\ar@mcellbox=\box51
\extrarowheight=\dimen143
\NC@list=\toks19
\extratabsurround=\skip50
\backup@length=\skip51
\ar@cellbox=\box52
)
\everycr=\toks20
\minrowclearance=\skip52
\rownum=\count196
) (c:/texlive/2022/texmf-dist/tex/latex/graphics/mathcolor.ltx)
Package xcolor Info: Model `cmy' substituted by `cmy0' on input line 1353.
Package xcolor Info: Model `hsb' substituted by `rgb' on input line 1357.
Package xcolor Info: Model `RGB' extended on input line 1369.
Package xcolor Info: Model `HTML' substituted by `rgb' on input line 1371.
Package xcolor Info: Model `Hsb' substituted by `hsb' on input line 1372.
Package xcolor Info: Model `tHsb' substituted by `hsb' on input line 1373.
Package xcolor Info: Model `HSB' substituted by `hsb' on input line 1374.
Package xcolor Info: Model `Gray' substituted by `gray' on input line 1375.
Package xcolor Info: Model `wave' substituted by `hsb' on input line 1376.
 (c:/texlive/2022/texmf-dist/tex/latex/graphics/dvipsnam.def
File: dvipsnam.def 2016/06/17 v3.0m Driver-dependent file (DPC,SPQR)
)) (c:/texlive/2022/texmf-dist/tex/latex/hyperref/hyperref.sty
Package: hyperref 2023-02-07 v7.00v Hypertext links for LaTeX
 (c:/texlive/2022/texmf-dist/tex/generic/iftex/iftex.sty
Package: iftex 2022/02/03 v1.0f TeX engine tests
) (c:/texlive/2022/texmf-dist/tex/generic/pdftexcmds/pdftexcmds.sty
Package: pdftexcmds 2020-06-27 v0.33 Utility functions of pdfTeX for LuaTeX (HO)
 (c:/texlive/2022/texmf-dist/tex/generic/infwarerr/infwarerr.sty
Package: infwarerr 2019/12/03 v1.5 Providing info/warning/error messages (HO)
)
Package pdftexcmds Info: \pdf@primitive is available.
Package pdftexcmds Info: \pdf@ifprimitive is available.
Package pdftexcmds Info: \pdfdraftmode found.
) (c:/texlive/2022/texmf-dist/tex/generic/kvdefinekeys/kvdefinekeys.sty
Package: kvdefinekeys 2019-12-19 v1.6 Define keys (HO)
) (c:/texlive/2022/texmf-dist/tex/generic/pdfescape/pdfescape.sty
Package: pdfescape 2019/12/09 v1.15 Implements pdfTeX's escape features (HO)
) (c:/texlive/2022/texmf-dist/tex/latex/hycolor/hycolor.sty
Package: hycolor 2020-01-27 v1.10 Color options for hyperref/bookmark (HO)
) (c:/texlive/2022/texmf-dist/tex/latex/letltxmacro/letltxmacro.sty
Package: letltxmacro 2019/12/03 v1.6 Let assignment for LaTeX macros (HO)
) (c:/texlive/2022/texmf-dist/tex/latex/auxhook/auxhook.sty
Package: auxhook 2019-12-17 v1.6 Hooks for auxiliary files (HO)
) (c:/texlive/2022/texmf-dist/tex/latex/hyperref/nameref.sty
Package: nameref 2022-05-17 v2.50 Cross-referencing by name of section
 (c:/texlive/2022/texmf-dist/tex/latex/refcount/refcount.sty
Package: refcount 2019/12/15 v3.6 Data extraction from label references (HO)
) (c:/texlive/2022/texmf-dist/tex/generic/gettitlestring/gettitlestring.sty
Package: gettitlestring 2019/12/15 v1.6 Cleanup title references (HO)
)
\c@section@level=\count197
)
\@linkdim=\dimen144
\Hy@linkcounter=\count198
\Hy@pagecounter=\count199
 (c:/texlive/2022/texmf-dist/tex/latex/hyperref/pd1enc.def
File: pd1enc.def 2023-02-07 v7.00v Hyperref: PDFDocEncoding definition (HO)
Now handling font encoding PD1 ...
... no UTF-8 mapping file for font encoding PD1
) (c:/texlive/2022/texmf-dist/tex/generic/intcalc/intcalc.sty
Package: intcalc 2019/12/15 v1.3 Expandable calculations with integers (HO)
) (c:/texlive/2022/texmf-dist/tex/generic/etexcmds/etexcmds.sty
Package: etexcmds 2019/12/15 v1.7 Avoid name clashes with e-TeX commands (HO)
)
\Hy@SavedSpaceFactor=\count266
 (c:/texlive/2022/texmf-dist/tex/latex/hyperref/puenc.def
File: puenc.def 2023-02-07 v7.00v Hyperref: PDF Unicode definition (HO)
Now handling font encoding PU ...
... no UTF-8 mapping file for font encoding PU
)
Package hyperref Info: Option `unicode' set `true' on input line 4060.
Package hyperref Info: Option `breaklinks' set `true' on input line 4060.
Package hyperref Info: Hyper figures OFF on input line 4177.
Package hyperref Info: Link nesting OFF on input line 4182.
Package hyperref Info: Hyper index ON on input line 4185.
Package hyperref Info: Plain pages OFF on input line 4192.
Package hyperref Info: Backreferencing OFF on input line 4197.
Package hyperref Info: Implicit mode ON; LaTeX internals redefined.
Package hyperref Info: Bookmarks ON on input line 4425.
\c@Hy@tempcnt=\count267
 (c:/texlive/2022/texmf-dist/tex/latex/url/url.sty
\Urlmuskip=\muskip16
Package: url 2013/09/16  ver 3.4  Verb mode for urls, etc.
)
LaTeX Info: Redefining \url on input line 4763.
\XeTeXLinkMargin=\dimen145
 (c:/texlive/2022/texmf-dist/tex/generic/bitset/bitset.sty
Package: bitset 2019/12/09 v1.3 Handle bit-vector datatype (HO)
 (c:/texlive/2022/texmf-dist/tex/generic/bigintcalc/bigintcalc.sty
Package: bigintcalc 2019/12/15 v1.5 Expandable calculations on big integers (HO)
))
\Fld@menulength=\count268
\Field@Width=\dimen146
\Fld@charsize=\dimen147
Package hyperref Info: Hyper figures OFF on input line 6042.
Package hyperref Info: Link nesting OFF on input line 6047.
Package hyperref Info: Hyper index ON on input line 6050.
Package hyperref Info: backreferencing OFF on input line 6057.
Package hyperref Info: Link coloring OFF on input line 6062.
Package hyperref Info: Link coloring with OCG OFF on input line 6067.
Package hyperref Info: PDF/A mode OFF on input line 6072.
 (c:/texlive/2022/texmf-dist/tex/latex/base/atbegshi-ltx.sty
Package: atbegshi-ltx 2021/01/10 v1.0c Emulation of the original atbegshi
package with kernel methods
)
\Hy@abspage=\count269
\c@Item=\count270
\c@Hfootnote=\count271
)
Package hyperref Info: Driver (autodetected): hpdftex.
 (c:/texlive/2022/texmf-dist/tex/latex/hyperref/hpdftex.def
File: hpdftex.def 2023-02-07 v7.00v Hyperref driver for pdfTeX
 (c:/texlive/2022/texmf-dist/tex/latex/base/atveryend-ltx.sty
Package: atveryend-ltx 2020/08/19 v1.0a Emulation of the original atveryend package
with kernel methods
)
\Fld@listcount=\count272
\c@bookmark@seq@number=\count273
 (c:/texlive/2022/texmf-dist/tex/latex/rerunfilecheck/rerunfilecheck.sty
Package: rerunfilecheck 2022-07-10 v1.10 Rerun checks for auxiliary files (HO)
 (c:/texlive/2022/texmf-dist/tex/generic/uniquecounter/uniquecounter.sty
Package: uniquecounter 2019/12/15 v1.4 Provide unlimited unique counter (HO)
)
Package uniquecounter Info: New unique counter `rerunfilecheck' on input line 285.
)
\Hy@SectionHShift=\skip53
) (c:/texlive/2022/texmf-dist/tex/latex/bookmark/bookmark.sty
Package: bookmark 2020-11-06 v1.29 PDF bookmarks (HO)
 (c:/texlive/2022/texmf-dist/tex/latex/bookmark/bkm-pdftex.def
File: bkm-pdftex.def 2020-11-06 v1.29 bookmark driver for pdfTeX (HO)
\BKM@id=\count274
)) (c:/texlive/2022/texmf-dist/tex/latex/listings/listings.sty
\lst@mode=\count275
\lst@gtempboxa=\box53
\lst@token=\toks21
\lst@length=\count276
\lst@currlwidth=\dimen148
\lst@column=\count277
\lst@pos=\count278
\lst@lostspace=\dimen149
\lst@width=\dimen150
\lst@newlines=\count279
\lst@lineno=\count280
\lst@maxwidth=\dimen151
 (c:/texlive/2022/texmf-dist/tex/latex/listings/lstmisc.sty
File: lstmisc.sty 2020/03/24 1.8d (Carsten Heinz)
\c@lstnumber=\count281
\lst@skipnumbers=\count282
\lst@framebox=\box54
) (c:/texlive/2022/texmf-dist/tex/latex/listings/listings.cfg
File: listings.cfg 2020/03/24 1.8d listings configuration
))
Package: listings 2020/03/24 1.8d (Carsten Heinz)
 (c:/texlive/2022/texmf-dist/tex/generic/iftex/ifpdf.sty
Package: ifpdf 2019/10/25 v3.4 ifpdf legacy package. Use iftex instead.
) (c:/texlive/2022/texmf-dist/tex/latex/base/ifthen.sty
Package: ifthen 2022/04/13 v1.1d Standard LaTeX ifthen package (DPC)
) (c:/texlive/2022/texmf-dist/tex/latex/savesym/savesym.sty
Package: savesym 2013/09/02 v1.2 Saves and restores symbols (JG)
) (c:/texlive/2022/texmf-dist/tex/latex/glossaries/base/glossaries.sty
Package: glossaries 2022/11/03 v4.52 (NLCT)
 (c:/texlive/2022/texmf-dist/tex/latex/xkeyval/xkeyval.sty
Package: xkeyval 2022/06/16 v2.9 package option processing (HA)
 (c:/texlive/2022/texmf-dist/tex/generic/xkeyval/xkeyval.tex (c:/texlive/2022/texmf-dist/tex/generic/xkeyval/xkvutils.tex
\XKV@toks=\toks22
\XKV@tempa@toks=\toks23
)
\XKV@depth=\count283
File: xkeyval.tex 2014/12/03 v2.7a key=value parser (HA)
)) (c:/texlive/2022/texmf-dist/tex/latex/mfirstuc/mfirstuc.sty
Package: mfirstuc 2022/10/14 v2.08 (NLCT)
 (c:/texlive/2022/texmf-dist/tex/latex/etoolbox/etoolbox.sty
Package: etoolbox 2020/10/05 v2.5k e-TeX tools for LaTeX (JAW)
\etb@tempcnta=\count284
)
\@glsmfirst=\toks24
\@glsmrest=\toks25
) (c:/texlive/2022/texmf-dist/tex/latex/xfor/xfor.sty
Package: xfor 2009/02/05 v1.05 (NLCT)
) (c:/texlive/2022/texmf-dist/tex/latex/datatool/datatool-base.sty
Package: datatool-base 2019/09/27 v2.32 (NLCT)
 (c:/texlive/2022/texmf-dist/tex/latex/amsmath/amsmath.sty
Package: amsmath 2022/04/08 v2.17n AMS math features
\@mathmargin=\skip54

For additional information on amsmath, use the `?' option.
(c:/texlive/2022/texmf-dist/tex/latex/amsmath/amstext.sty
Package: amstext 2021/08/26 v2.01 AMS text
 (c:/texlive/2022/texmf-dist/tex/latex/amsmath/amsgen.sty
File: amsgen.sty 1999/11/30 v2.0 generic functions
\@emptytoks=\toks26
\ex@=\dimen152
)) (c:/texlive/2022/texmf-dist/tex/latex/amsmath/amsbsy.sty
Package: amsbsy 1999/11/29 v1.2d Bold Symbols
\pmbraise@=\dimen153
) (c:/texlive/2022/texmf-dist/tex/latex/amsmath/amsopn.sty
Package: amsopn 2022/04/08 v2.04 operator names
)
\inf@bad=\count285
LaTeX Info: Redefining \frac on input line 234.
\uproot@=\count286
\leftroot@=\count287
LaTeX Info: Redefining \overline on input line 399.
LaTeX Info: Redefining \colon on input line 410.
\classnum@=\count288
\DOTSCASE@=\count289
LaTeX Info: Redefining \ldots on input line 496.
LaTeX Info: Redefining \dots on input line 499.
LaTeX Info: Redefining \cdots on input line 620.
\Mathstrutbox@=\box55
\strutbox@=\box56
LaTeX Info: Redefining \big on input line 722.
LaTeX Info: Redefining \Big on input line 723.
LaTeX Info: Redefining \bigg on input line 724.
LaTeX Info: Redefining \Bigg on input line 725.
\big@size=\dimen154
LaTeX Font Info:    Redeclaring font encoding OML on input line 743.
LaTeX Font Info:    Redeclaring font encoding OMS on input line 744.
\macc@depth=\count290
LaTeX Info: Redefining \bmod on input line 905.
LaTeX Info: Redefining \pmod on input line 910.
LaTeX Info: Redefining \smash on input line 940.
LaTeX Info: Redefining \relbar on input line 970.
LaTeX Info: Redefining \Relbar on input line 971.
\c@MaxMatrixCols=\count291
\dotsspace@=\muskip17
\c@parentequation=\count292
\dspbrk@lvl=\count293
\tag@help=\toks27
\row@=\count294
\column@=\count295
\maxfields@=\count296
\andhelp@=\toks28
\eqnshift@=\dimen155
\alignsep@=\dimen156
\tagshift@=\dimen157
\tagwidth@=\dimen158
\totwidth@=\dimen159
\lineht@=\dimen160
\@envbody=\toks29
\multlinegap=\skip55
\multlinetaggap=\skip56
\mathdisplay@stack=\toks30
LaTeX Info: Redefining \[ on input line 2953.
LaTeX Info: Redefining \] on input line 2954.
) (c:/texlive/2022/texmf-dist/tex/latex/substr/substr.sty
Package: substr 2009/10/20 v1.2 Handle substrings
\c@su@anzahl=\count297
) (c:/texlive/2022/texmf-dist/tex/latex/datatool/datatool-fp.sty
Package: datatool-fp 2019/09/27 v2.32 (NLCT)
 (c:/texlive/2022/texmf-dist/tex/latex/fp/fp.sty
Package: fp 1995/04/02
 `Fixed Point Package', Version 0.8, April 2, 1995 (C) Michael Mehlich (c:/texlive/2022/texmf-dist/tex/latex/fp/defpattern.sty
Package: defpattern 1994/10/12
\actioncount=\count298
) (c:/texlive/2022/texmf-dist/tex/latex/fp/fp-basic.sty
Package: fp-basic 1996/05/13
\FP@xs=\count299
\FP@xia=\count300
\FP@xib=\count301
\FP@xfa=\count302
\FP@xfb=\count303
\FP@rega=\count304
\FP@regb=\count305
\FP@regs=\count306
\FP@times=\count307
) (c:/texlive/2022/texmf-dist/tex/latex/fp/fp-addons.sty
Package: fp-addons 1995/03/15
) (c:/texlive/2022/texmf-dist/tex/latex/fp/fp-snap.sty
Package: fp-snap 1995/04/05
) (c:/texlive/2022/texmf-dist/tex/latex/fp/fp-exp.sty
Package: fp-exp 1995/04/03
) (c:/texlive/2022/texmf-dist/tex/latex/fp/fp-trigo.sty
Package: fp-trigo 1995/04/14
) (c:/texlive/2022/texmf-dist/tex/latex/fp/fp-pas.sty
Package: fp-pas 1994/08/29
) (c:/texlive/2022/texmf-dist/tex/latex/fp/fp-random.sty
Package: fp-random 1995/02/23
\FPseed=\count308
) (c:/texlive/2022/texmf-dist/tex/latex/fp/fp-eqn.sty
Package: fp-eqn 1995/04/03
) (c:/texlive/2022/texmf-dist/tex/latex/fp/fp-upn.sty
Package: fp-upn 1996/10/21
) (c:/texlive/2022/texmf-dist/tex/latex/fp/fp-eval.sty
Package: fp-eval 1995/04/03
)))
\@dtl@toks=\toks31
\@dtl@tmpcount=\count309
\dtl@tmplength=\skip57
\dtl@sortresult=\count310
\@dtl@numgrpsepcount=\count311
\@dtl@datatype=\count312
\dtl@codeA=\count313
\dtl@codeB=\count314
\@dtl@foreach@level=\count315
)

Package glossaries Warning: sanitize package option deprecated on input line 1181.

(c:/texlive/2022/texmf-dist/tex/latex/tracklang/tracklang.sty
Package: tracklang 2022/12/13 v1.6.1 (NLCT) Track Languages
 (c:/texlive/2022/texmf-dist/tex/generic/tracklang/tracklang.tex)) (c:/texlive/2022/texmf-dist/tex/latex/translator/translator.sty
Package: translator 2021-05-31 v1.12d Easy translation of strings in LaTeX
)

Package glossaries Warning: No language module detected for `czech'.
(glossaries)                Language modules need to be installed separately.
(glossaries)                Please check on CTAN for a bundle called
(glossaries)                `glossaries-czech' or similar.

(c:/texlive/2022/texmf-dist/tex/latex/glossaries-english/glossaries-english.ldf
File: glossaries-english.ldf 2014/11/23 v1.0
)
\gls@level=\count316
\@gls@tmpb=\toks32
\gls@tmplen=\skip58
\glskeylisttok=\toks33
\glslabeltok=\toks34
\glsshorttok=\toks35
\glslongtok=\toks36
 (c:/texlive/2022/texmf-dist/tex/latex/glossaries/styles/glossary-hypernav.sty
Package: glossary-hypernav 2022/11/03 v4.52 (NLCT)
) (c:/texlive/2022/texmf-dist/tex/latex/glossaries/styles/glossary-list.sty
Package: glossary-list 2022/11/03 v4.52 (NLCT)
\glslistdottedwidth=\skip59
) (c:/texlive/2022/texmf-dist/tex/latex/glossaries/styles/glossary-long.sty
Package: glossary-long 2022/11/03 v4.52 (NLCT)
 (c:/texlive/2022/texmf-dist/tex/latex/tools/longtable.sty
Package: longtable 2021-09-01 v4.17 Multi-page Table package (DPC)
\LTleft=\skip60
\LTright=\skip61
\LTpre=\skip62
\LTpost=\skip63
\LTchunksize=\count317
\LTcapwidth=\dimen161
\LT@head=\box57
\LT@firsthead=\box58
\LT@foot=\box59
\LT@lastfoot=\box60
\LT@gbox=\box61
\LT@cols=\count318
\LT@rows=\count319
\c@LT@tables=\count320
\c@LT@chunks=\count321
\LT@p@ftn=\toks37
)
\glsdescwidth=\skip64
\glspagelistwidth=\skip65
) (c:/texlive/2022/texmf-dist/tex/latex/glossaries/styles/glossary-super.sty
Package: glossary-super 2022/11/03 v4.52 (NLCT)
 (c:/texlive/2022/texmf-dist/tex/latex/supertabular/supertabular.sty
Package: supertabular 2020/02/02 v4.1g the supertabular environment
\c@tracingst=\count322
\ST@wd=\dimen162
\ST@rightskip=\skip66
\ST@leftskip=\skip67
\ST@parfillskip=\skip68
\ST@pageleft=\dimen163
\ST@headht=\dimen164
\ST@tailht=\dimen165
\ST@pagesofar=\dimen166
\ST@pboxht=\dimen167
\ST@lineht=\dimen168
\ST@prevht=\dimen169
\ST@toadd=\dimen170
\ST@dimen=\dimen171
\ST@pbox=\box62
)) (c:/texlive/2022/texmf-dist/tex/latex/glossaries/styles/glossary-tree.sty
Package: glossary-tree 2022/11/03 v4.52 (NLCT)
\glstreeindent=\skip69
)) (c:/texlive/2022/texmf-dist/tex/latex/lm/lmodern.sty
Package: lmodern 2015/05/01 v1.6.1 Latin Modern Fonts
LaTeX Font Info:    Overwriting symbol font `operators' in version `normal'
(Font)                  OT1/cmr/m/n --> OT1/lmr/m/n on input line 22.
LaTeX Font Info:    Overwriting symbol font `letters' in version `normal'
(Font)                  OML/cmm/m/it --> OML/lmm/m/it on input line 23.
LaTeX Font Info:    Overwriting symbol font `symbols' in version `normal'
(Font)                  OMS/cmsy/m/n --> OMS/lmsy/m/n on input line 24.
LaTeX Font Info:    Overwriting symbol font `largesymbols' in version `normal'
(Font)                  OMX/cmex/m/n --> OMX/lmex/m/n on input line 25.
LaTeX Font Info:    Overwriting symbol font `operators' in version `bold'
(Font)                  OT1/cmr/bx/n --> OT1/lmr/bx/n on input line 26.
LaTeX Font Info:    Overwriting symbol font `letters' in version `bold'
(Font)                  OML/cmm/b/it --> OML/lmm/b/it on input line 27.
LaTeX Font Info:    Overwriting symbol font `symbols' in version `bold'
(Font)                  OMS/cmsy/b/n --> OMS/lmsy/b/n on input line 28.
LaTeX Font Info:    Overwriting symbol font `largesymbols' in version `bold'
(Font)                  OMX/cmex/m/n --> OMX/lmex/m/n on input line 29.
LaTeX Font Info:    Overwriting math alphabet `\mathbf' in version `normal'
(Font)                  OT1/cmr/bx/n --> OT1/lmr/bx/n on input line 31.
LaTeX Font Info:    Overwriting math alphabet `\mathsf' in version `normal'
(Font)                  OT1/cmss/m/n --> OT1/lmss/m/n on input line 32.
LaTeX Font Info:    Overwriting math alphabet `\mathit' in version `normal'
(Font)                  OT1/cmr/m/it --> OT1/lmr/m/it on input line 33.
LaTeX Font Info:    Overwriting math alphabet `\mathtt' in version `normal'
(Font)                  OT1/cmtt/m/n --> OT1/lmtt/m/n on input line 34.
LaTeX Font Info:    Overwriting math alphabet `\mathbf' in version `bold'
(Font)                  OT1/cmr/bx/n --> OT1/lmr/bx/n on input line 35.
LaTeX Font Info:    Overwriting math alphabet `\mathsf' in version `bold'
(Font)                  OT1/cmss/bx/n --> OT1/lmss/bx/n on input line 36.
LaTeX Font Info:    Overwriting math alphabet `\mathit' in version `bold'
(Font)                  OT1/cmr/bx/it --> OT1/lmr/bx/it on input line 37.
LaTeX Font Info:    Overwriting math alphabet `\mathtt' in version `bold'
(Font)                  OT1/cmtt/m/n --> OT1/lmtt/m/n on input line 38.
) (c:/texlive/2022/texmf-dist/tex/latex/base/fontenc.sty
Package: fontenc 2021/04/29 v2.0v Standard LaTeX package
LaTeX Font Info:    Trying to load font information for T1+lmr on input line 112.
 (c:/texlive/2022/texmf-dist/tex/latex/lm/t1lmr.fd
File: t1lmr.fd 2015/05/01 v1.6.1 Font defs for Latin Modern
)) (c:/texlive/2022/texmf-dist/tex/latex/graphics/graphicx.sty
Package: graphicx 2021/09/16 v1.2d Enhanced LaTeX Graphics (DPC,SPQR)
 (c:/texlive/2022/texmf-dist/tex/latex/graphics/graphics.sty
Package: graphics 2022/03/10 v1.4e Standard LaTeX Graphics (DPC,SPQR)
 (c:/texlive/2022/texmf-dist/tex/latex/graphics/trig.sty
Package: trig 2021/08/11 v1.11 sin cos tan (DPC)
) (c:/texlive/2022/texmf-dist/tex/latex/graphics-cfg/graphics.cfg
File: graphics.cfg 2016/06/04 v1.11 sample graphics configuration
)
Package graphics Info: Driver file: pdftex.def on input line 107.
)
\Gin@req@height=\dimen172
\Gin@req@width=\dimen173
) (c:/texlive/2022/texmf-dist/tex/latex/csquotes/csquotes.sty
Package: csquotes 2022-09-14 v5.2n context-sensitive quotations (JAW)
\csq@reset=\count323
\csq@gtype=\count324
\csq@glevel=\count325
\csq@qlevel=\count326
\csq@maxlvl=\count327
\csq@tshold=\count328
\csq@ltx@everypar=\toks38
 (c:/texlive/2022/texmf-dist/tex/latex/csquotes/csquotes.def
File: csquotes.def 2022-09-14 v5.2n csquotes generic definitions (JAW)
)
Package csquotes Info: Trying to load configuration file 'csquotes.cfg'...
Package csquotes Info: ... configuration file loaded successfully.
 (c:/texlive/2022/texmf-dist/tex/latex/csquotes/csquotes.cfg
File: csquotes.cfg 
))
Package csquotes Info: Redefining quotation style 'czech'.
Package csquotes Info: Redefining alias 'slovak' -> 'czech'.
Package hyperref Info: Option `colorlinks' set `true' on input line 297.
Package hyperref Info: Option `linktocpage' set `true' on input line 307.
Package hyperref Info: Option `pageanchor' set `true' on input line 307.
Package hyperref Info: Option `breaklinks' set `true' on input line 307.
Package hyperref Info: Option `plainpages' set `false' on input line 307.
Package hyperref Info: Option `bookmarksnumbered' set `true' on input line 307.
Package hyperref Info: Option `hypertexnames' set `true' on input line 307.
\glswrite=\write3
\glo@main@file=\write4
\openout4 = `kidiplom.glo'.

Package glossaries Info: Writing glossary file kidiplom.glo on input line 349.
\glo@acronym@file=\write5
\openout5 = `kidiplom.acn'.

Package glossaries Info: Writing glossary file kidiplom.acn on input line 349.
 (c:/texlive/2022/texmf-dist/tex/latex/listings/lstlang1.sty
File: lstlang1.sty 2020/03/24 1.8d listings language file
) (c:/texlive/2022/texmf-dist/tex/latex/listings/lstlang2.sty
File: lstlang2.sty 2020/03/24 1.8d listings language file
) (c:/texlive/2022/texmf-dist/tex/latex/listings/lstlang3.sty
File: lstlang3.sty 2020/03/24 1.8d listings language file
) (c:/texlive/2022/texmf-dist/tex/latex/listings/lstmisc.sty
File: lstmisc.sty 2020/03/24 1.8d (Carsten Heinz)
) (c:/texlive/2022/texmf-dist/tex/latex/amscls/amsthm.sty
Package: amsthm 2020/05/29 v2.20.6
\thm@style=\toks39
\thm@bodyfont=\toks40
\thm@headfont=\toks41
\thm@notefont=\toks42
\thm@headpunct=\toks43
\thm@preskip=\skip70
\thm@postskip=\skip71
\thm@headsep=\skip72
\dth@everypar=\toks44
) (c:/texlive/2022/texmf-dist/tex/latex/thmtools/thmtools.sty
Package: thmtools 2023/02/17 v0.75
\thmt@toks=\toks45
\c@thmt@dummyctr=\count329
 (c:/texlive/2022/texmf-dist/tex/latex/thmtools/thm-patch.sty
Package: thm-patch 2023/02/17 v0.75
 (c:/texlive/2022/texmf-dist/tex/latex/thmtools/parseargs.sty
Package: parseargs 2023/02/17 v0.75
\@parsespec=\toks46
)) (c:/texlive/2022/texmf-dist/tex/latex/thmtools/thm-kv.sty
Package: thm-kv 2023/02/17 v0.75
Package thm-kv Info: Theorem names will be uppercased on input line 42.
Package thm-kv Info: kvsetkeys patch (v1.16 or later) on input line 158.
) (c:/texlive/2022/texmf-dist/tex/latex/thmtools/thm-autoref.sty
Package: thm-autoref 2023/02/17 v0.75
 (c:/texlive/2022/texmf-dist/tex/latex/thmtools/aliasctr.sty
Package: aliasctr 2023/02/17 v0.75
)) (c:/texlive/2022/texmf-dist/tex/latex/thmtools/thm-listof.sty
Package: thm-listof 2023/02/17 v0.75
) (c:/texlive/2022/texmf-dist/tex/latex/thmtools/thm-restate.sty
Package: thm-restate 2023/02/17 v0.75
) (c:/texlive/2022/texmf-dist/tex/latex/thmtools/thm-amsthm.sty
Package: thm-amsthm 2023/02/17 v0.75
\thmt@style@headstyle=\toks47
))
Package thmtools Info: Key `qed' (with value `\qedsymbol ')
(thmtools)             is not a known style key.
(thmtools)             Will pass this to every \declaretheorem
(thmtools)             that uses `style=kiproofstyle' on input line 717.
\c@definition=\count330
) (c:/texlive/2022/texmf-dist/tex/latex/geometry/geometry.sty
Package: geometry 2020/01/02 v5.9 Page Geometry
 (c:/texlive/2022/texmf-dist/tex/generic/iftex/ifvtex.sty
Package: ifvtex 2019/10/25 v1.7 ifvtex legacy package. Use iftex instead.
)
\Gm@cnth=\count331
\Gm@cntv=\count332
\c@Gm@tempcnt=\count333
\Gm@bindingoffset=\dimen174
\Gm@wd@mp=\dimen175
\Gm@odd@mp=\dimen176
\Gm@even@mp=\dimen177
\Gm@layoutwidth=\dimen178
\Gm@layoutheight=\dimen179
\Gm@layouthoffset=\dimen180
\Gm@layoutvoffset=\dimen181
\Gm@dimlist=\toks48
) (c:/texlive/2022/texmf-dist/tex/latex/lastpage/lastpage.sty
Package: lastpage 2021/09/03 v1.2n Refers to last page's name (HMM; JPG)
) (c:/texlive/2022/texmf-dist/tex/latex/amsfonts/amssymb.sty
Package: amssymb 2013/01/14 v3.01 AMS font symbols
 (c:/texlive/2022/texmf-dist/tex/latex/amsfonts/amsfonts.sty
Package: amsfonts 2013/01/14 v3.01 Basic AMSFonts support
\symAMSa=\mathgroup4
\symAMSb=\mathgroup5
LaTeX Font Info:    Redeclaring math symbol \hbar on input line 98.
LaTeX Font Info:    Overwriting math alphabet `\mathfrak' in version `bold'
(Font)                  U/euf/m/n --> U/euf/b/n on input line 106.
)) (c:/texlive/2022/texmf-dist/tex/latex/amsfonts/euscript.sty
Package: euscript 2009/06/22 v3.00 Euler Script fonts
LaTeX Font Info:    Overwriting math alphabet `\EuScript' in version `bold'
(Font)                  U/eus/m/n --> U/eus/b/n on input line 33.
)) (c:/texlive/2022/texmf-dist/tex/latex/lipsum/lipsum.sty (c:/texlive/2022/texmf-dist/tex/latex/l3packages/l3keys2e/l3keys2e.sty (c:/texlive/2022/texmf-dist/tex/latex/l3kernel/expl3.sty
Package: expl3 2023-02-22 L3 programming layer (loader) 
 (c:/texlive/2022/texmf-dist/tex/latex/l3backend/l3backend-pdftex.def
File: l3backend-pdftex.def 2023-01-16 L3 backend support: PDF output (pdfTeX)
\l__color_backend_stack_int=\count334
\l__pdf_internal_box=\box63
))
Package: l3keys2e 2023-02-02 LaTeX2e option processing using LaTeX3 keys
)
Package: lipsum 2021-09-20 v2.7 150 paragraphs of Lorem Ipsum dummy text
\g__lipsum_par_int=\count335
\l__lipsum_a_int=\count336
\l__lipsum_b_int=\count337
 (c:/texlive/2022/texmf-dist/tex/latex/lipsum/lipsum.ltd.tex))
Package csquotes Info: Checking for multilingual support...
Package csquotes Info: ... found 'babel' package.
Package csquotes Info: Enabling multilingual quotes.
 (./kidiplom.aux

LaTeX Warning: Label `memberjoin' multiply defined.

)
\openout1 = `kidiplom.aux'.

LaTeX Font Info:    Checking defaults for OML/cmm/m/it on input line 149.
LaTeX Font Info:    ... okay on input line 149.
LaTeX Font Info:    Checking defaults for OMS/cmsy/m/n on input line 149.
LaTeX Font Info:    ... okay on input line 149.
LaTeX Font Info:    Checking defaults for OT1/cmr/m/n on input line 149.
LaTeX Font Info:    ... okay on input line 149.
LaTeX Font Info:    Checking defaults for T1/cmr/m/n on input line 149.
LaTeX Font Info:    ... okay on input line 149.
LaTeX Font Info:    Checking defaults for TS1/cmr/m/n on input line 149.
LaTeX Font Info:    ... okay on input line 149.
LaTeX Font Info:    Checking defaults for OMX/cmex/m/n on input line 149.
LaTeX Font Info:    ... okay on input line 149.
LaTeX Font Info:    Checking defaults for U/cmr/m/n on input line 149.
LaTeX Font Info:    ... okay on input line 149.
LaTeX Font Info:    Checking defaults for PD1/pdf/m/n on input line 149.
LaTeX Font Info:    ... okay on input line 149.
LaTeX Font Info:    Checking defaults for PU/pdf/m/n on input line 149.
LaTeX Font Info:    ... okay on input line 149.
 (c:/texlive/2022/texmf-dist/tex/context/base/mkii/supp-pdf.mkii
[Loading MPS to PDF converter (version 2006.09.02).]
\scratchcounter=\count338
\scratchdimen=\dimen182
\scratchbox=\box64
\nofMPsegments=\count339
\nofMParguments=\count340
\everyMPshowfont=\toks49
\MPscratchCnt=\count341
\MPscratchDim=\dimen183
\MPnumerator=\count342
\makeMPintoPDFobject=\count343
\everyMPtoPDFconversion=\toks50
) (c:/texlive/2022/texmf-dist/tex/latex/epstopdf-pkg/epstopdf-base.sty
Package: epstopdf-base 2020-01-24 v2.11 Base part for package epstopdf
Package epstopdf-base Info: Redefining graphics rule for `.eps' on input line 485.
 (c:/texlive/2022/texmf-dist/tex/latex/latexconfig/epstopdf-sys.cfg
File: epstopdf-sys.cfg 2010/07/13 v1.3 Configuration of (r)epstopdf for TeX Live
))
Package hyperref Info: Link coloring ON on input line 149.
\c@lstlisting=\count344

*geometry* detected driver: pdftex
*geometry* verbose mode - [ preamble ] result:
* driver: pdftex
* paper: a4paper
* layout: <same size as paper>
* layoutoffset:(h,v)=(0.0pt,0.0pt)
* modes: 
* h-part:(L,W,R)=(113.81102pt, 409.50119pt, 74.19566pt)
* v-part:(T,H,B)=(99.58464pt, 645.87756pt, 99.58464pt)
* \paperwidth=597.50787pt
* \paperheight=845.04684pt
* \textwidth=409.50119pt
* \textheight=645.87756pt
* \oddsidemargin=41.54103pt
* \evensidemargin=41.54103pt
* \topmargin=-9.68535pt
* \headheight=12.0pt
* \headsep=25.0pt
* \topskip=12.0pt
* \footskip=30.0pt
* \marginparwidth=44.0pt
* \marginparsep=10.0pt
* \columnsep=10.0pt
* \skip\footins=10.8pt plus 4.0pt minus 2.0pt
* \hoffset=0.0pt
* \voffset=0.0pt
* \mag=1000
* \@twocolumnfalse
* \@twosidefalse
* \@mparswitchfalse
* \@reversemarginfalse
* (1in=72.27pt=25.4mm, 1cm=28.453pt)

Package lastpage Info: Please have a look at the pageslts package at
(lastpage)             https://www.ctan.org/pkg/pageslts
(lastpage)             ! on input line 149.
<graphics/kititle-cz-nofont.pdf, id=4, 375.4025pt x 72.27pt>
File: graphics/kititle-cz-nofont.pdf Graphic file (type pdf)
<use graphics/kititle-cz-nofont.pdf>
Package pdftex.def Info: graphics/kititle-cz-nofont.pdf  used on input line 155.
(pdftex.def)             Requested size: 225.24323pt x 43.36232pt.
<graphics/UP_znak.pdf, id=5, 101.59215pt x 101.59215pt>
File: graphics/UP_znak.pdf Graphic file (type pdf)
<use graphics/UP_znak.pdf>
Package pdftex.def Info: graphics/UP_znak.pdf  used on input line 155.
(pdftex.def)             Requested size: 101.59187pt x 101.59187pt.
LaTeX Font Info:    Trying to load font information for OT1+lmr on input line 155.
(c:/texlive/2022/texmf-dist/tex/latex/lm/ot1lmr.fd
File: ot1lmr.fd 2015/05/01 v1.6.1 Font defs for Latin Modern
)
LaTeX Font Info:    Trying to load font information for OML+lmm on input line 155.
 (c:/texlive/2022/texmf-dist/tex/latex/lm/omllmm.fd
File: omllmm.fd 2015/05/01 v1.6.1 Font defs for Latin Modern
)
LaTeX Font Info:    Trying to load font information for OMS+lmsy on input line 155.
 (c:/texlive/2022/texmf-dist/tex/latex/lm/omslmsy.fd
File: omslmsy.fd 2015/05/01 v1.6.1 Font defs for Latin Modern
)
LaTeX Font Info:    Trying to load font information for OMX+lmex on input line 155.
 (c:/texlive/2022/texmf-dist/tex/latex/lm/omxlmex.fd
File: omxlmex.fd 2015/05/01 v1.6.1 Font defs for Latin Modern
)
LaTeX Font Info:    External font `lmex10' loaded for size
(Font)              <12> on input line 155.
LaTeX Font Info:    External font `lmex10' loaded for size
(Font)              <8> on input line 155.
LaTeX Font Info:    External font `lmex10' loaded for size
(Font)              <6> on input line 155.
LaTeX Font Info:    Trying to load font information for U+msa on input line 155.
 (c:/texlive/2022/texmf-dist/tex/latex/amsfonts/umsa.fd
File: umsa.fd 2013/01/14 v3.01 AMS symbols A
)
LaTeX Font Info:    Trying to load font information for U+msb on input line 155.
 (c:/texlive/2022/texmf-dist/tex/latex/amsfonts/umsb.fd
File: umsb.fd 2013/01/14 v3.01 AMS symbols B
) [1

\openout3 = `kidiplom.ist'.

{c:/texlive/2022/texmf-var/fonts/map/pdftex/updmap/pdftex.map} <./graphics/kititle-cz-nofont.pdf> <./graphics/UP_znak.pdf>]
LaTeX Font Info:    External font `lmex10' loaded for size
(Font)              <10.95> on input line 155.
 [2] [3

] [4

] (./kidiplom.toc [5

])
\tf@toc=\write6
\openout6 = `kidiplom.toc'.

 [6] (./kidiplom.lof)
\tf@lof=\write7
\openout7 = `kidiplom.lof'.

 (./kidiplom.lot)
\tf@lot=\write8
\openout8 = `kidiplom.lot'.

 (./kidiplom.lol [7

])
\tf@lol=\write9
\openout9 = `kidiplom.lol'.

 [8] [9

]
LaTeX Font Info:    Trying to load font information for T1+pcr on input line 223.
 (c:/texlive/2022/texmf-dist/tex/latex/psnfss/t1pcr.fd
File: t1pcr.fd 2001/06/04 font definitions for T1/pcr.
) [10] [11] [12]

LaTeX Warning: `h' float specifier changed to `ht'.


LaTeX Warning: `h' float specifier changed to `ht'.

[13] [14]
<./img//clyde.jpg, id=313, 702.625pt x 141.52875pt>
File: ./img//clyde.jpg Graphic file (type jpg)
<use ./img//clyde.jpg>
Package pdftex.def Info: ./img//clyde.jpg  used on input line 460.
(pdftex.def)             Requested size: 407.52278pt x 82.08672pt.
 [15 <./img//clyde.jpg>]
<./img//prefix.jpg, id=319, 202.7575pt x 103.38625pt>
File: ./img//prefix.jpg Graphic file (type jpg)
<use ./img//prefix.jpg>
Package pdftex.def Info: ./img//prefix.jpg  used on input line 493.
(pdftex.def)             Requested size: 202.757pt x 103.38599pt.
<./img//slash.jpg, id=321, 856.19875pt x 363.85938pt>
File: ./img//slash.jpg Graphic file (type jpg)
<use ./img//slash.jpg>
Package pdftex.def Info: ./img//slash.jpg  used on input line 520.
(pdftex.def)             Requested size: 410.97073pt x 174.65051pt.

Overfull \hbox (1.46954pt too wide) in paragraph at lines 520--521
 [][] 
 []


LaTeX Warning: `h' float specifier changed to `ht'.

[16 <./img//prefix.jpg>]
<./img//discordapi.jpg, id=333, 387.4475pt x 211.79124pt>
File: ./img//discordapi.jpg Graphic file (type jpg)
<use ./img//discordapi.jpg>
Package pdftex.def Info: ./img//discordapi.jpg  used on input line 552.
(pdftex.def)             Requested size: 348.69952pt x 190.61035pt.


LaTeX Warning: `h' float specifier changed to `ht'.

[17 <./img//slash.jpg>]
Overfull \hbox (3.2468pt too wide) in paragraph at lines 582--587
[]\T1/lmr/m/n/12 Identifik·tor ob-jektu je celÈ p∞i-ro-zenÈ £Ìslo, pod kte-r˝m si plat-forma je schopna
 []

[18 <./img//discordapi.jpg>]
<./img//loop.jpg, id=346, 1064.97874pt x 402.50375pt>
File: ./img//loop.jpg Graphic file (type jpg)
<use ./img//loop.jpg>
Package pdftex.def Info: ./img//loop.jpg  used on input line 611.
(pdftex.def)             Requested size: 404.69614pt x 152.953pt.
 [19 <./img//loop.jpg>]

LaTeX Warning: `h' float specifier changed to `ht'.

[20] [21] [22]
<./img//on_member_join.jpg, id=388, 573.64313pt x 278.54062pt>
File: ./img//on_member_join.jpg Graphic file (type jpg)
<use ./img//on_member_join.jpg>
Package pdftex.def Info: ./img//on_member_join.jpg  used on input line 758.
(pdftex.def)             Requested size: 401.54745pt x 194.9771pt.
 [23 <./img//on_member_join.jpg>]
<./img//on_message.jpg, id=393, 355.82938pt x 264.99pt>
File: ./img//on_message.jpg Graphic file (type jpg)
<use ./img//on_message.jpg>
Package pdftex.def Info: ./img//on_message.jpg  used on input line 792.
(pdftex.def)             Requested size: 355.82849pt x 264.98935pt.
 [24 <./img//on_message.jpg>] [25] [26]
<./img//filesystem.jpg, id=412, 134.00063pt x 204.765pt>
File: ./img//filesystem.jpg Graphic file (type jpg)
<use ./img//filesystem.jpg>
Package pdftex.def Info: ./img//filesystem.jpg  used on input line 898.
(pdftex.def)             Requested size: 134.00027pt x 204.76448pt.
 [27 <./img//filesystem.jpg>]
Package hyperref Info: bookmark level for unknown lstlisting defaults to 0 on input line 951.


Package Listings Warning: Text dropped after begin of listing on input line 951.


Package Listings Warning: Text dropped after begin of listing on input line 961.


Package Listings Warning: Text dropped after begin of listing on input line 978.

[28]

Package Listings Warning: Text dropped after begin of listing on input line 990.


Overfull \hbox (41.0508pt too wide) in paragraph at lines 998--1002
\T1/lmr/m/n/12 funkcÌ vÌce: \T1/lmr/m/it/12 on_ready\T1/lmr/m/n/12 , \T1/lmr/m/it/12 on_guild_join\T1/lmr/m/n/12 , \T1/lmr/m/it/12 on_member_join\T1/lmr/m/n/12 , \T1/lmr/m/it/12 on_message\T1/lmr/m/n/12 , \T1/lmr/m/it/12 on_message_edit\T1/lmr/m/n/12 ,
 []

[29]

Package Listings Warning: Text dropped after begin of listing on input line 1011.


Package Listings Warning: Text dropped after begin of listing on input line 1019.


Package Listings Warning: Text dropped after begin of listing on input line 1032.


Overfull \hbox (16.80153pt too wide) in paragraph at lines 1044--1046
\T1/lmr/m/n/12 str·nce plat-formy a na-v≤tÌ-ve-nÌm webovÈ ad-resy \T1/lmr/m/it/12 dis-cord.com/developers/applications\T1/lmr/m/n/12 ,
 []

[30]
<./img//create.jpg, id=491, 368.37625pt x 301.125pt>
File: ./img//create.jpg Graphic file (type jpg)
<use ./img//create.jpg>
Package pdftex.def Info: ./img//create.jpg  used on input line 1048.
(pdftex.def)             Requested size: 368.37534pt x 301.12425pt.
<./img//bot.jpg, id=493, 1247.15938pt x 335.2525pt>
File: ./img//bot.jpg Graphic file (type jpg)
<use ./img//bot.jpg>
Package pdftex.def Info: ./img//bot.jpg  used on input line 1056.
(pdftex.def)             Requested size: 399.09915pt x 107.28299pt.
<./img//token.jpg, id=495, 810.02625pt x 255.45438pt>
File: ./img//token.jpg Graphic file (type jpg)
<use ./img//token.jpg>
Package pdftex.def Info: ./img//token.jpg  used on input line 1067.
(pdftex.def)             Requested size: 405.01213pt x 127.72687pt.


LaTeX Warning: `h' float specifier changed to `ht'.

<./img//appid.jpg, id=496, 400.49625pt x 405.515pt>
File: ./img//appid.jpg Graphic file (type jpg)
<use ./img//appid.jpg>
Package pdftex.def Info: ./img//appid.jpg  used on input line 1072.
(pdftex.def)             Requested size: 240.29959pt x 243.31087pt.

LaTeX Warning: `h' float specifier changed to `ht'.

[31 <./img//create.jpg> <./img//bot.jpg>]

Package Listings Warning: Text dropped after begin of listing on input line 1093.

[32 <./img//token.jpg> <./img//appid.jpg>]

Package Listings Warning: Text dropped after begin of listing on input line 1105.


Package Listings Warning: Text dropped after begin of listing on input line 1116.

[33]

Package Listings Warning: Text dropped after begin of listing on input line 1133.


Package Listings Warning: Text dropped after begin of listing on input line 1167.


Overfull \hbox (5.65817pt too wide) in paragraph at lines 1194--1197
[]\T1/lmr/m/n/12 ê·dek £. 4 ur-£uje roz-sah plat-nosti p∞Ì-kazu, de-ko-r·-tor \T1/lmr/m/it/12 @com-mands.guild_only()
 []

[34]

Package Listings Warning: Text dropped after begin of listing on input line 1230.

[35]
<./img//barmaid_rules2.jpg, id=581, 400.99812pt x 255.45438pt>
File: ./img//barmaid_rules2.jpg Graphic file (type jpg)
<use ./img//barmaid_rules2.jpg>
Package pdftex.def Info: ./img//barmaid_rules2.jpg  used on input line 1254.
(pdftex.def)             Requested size: 360.89496pt x 229.9068pt.
 [36 <./img//barmaid_rules2.jpg>]

Package Listings Warning: Text dropped after begin of listing on input line 1265.


Package Listings Warning: Text dropped after begin of listing on input line 1277.


Package Listings Warning: Text dropped after begin of listing on input line 1300.


Package Listings Warning: Text dropped after begin of listing on input line 1315.

[37]

Package Listings Warning: Text dropped after begin of listing on input line 1342.

[38]

Package Listings Warning: Text dropped after begin of listing on input line 1363.

[39]

Package Listings Warning: Text dropped after begin of listing on input line 1397.


Package Listings Warning: Text dropped after begin of listing on input line 1413.


Package Listings Warning: Text dropped after begin of listing on input line 1430.

[40]

Package Listings Warning: Text dropped after begin of listing on input line 1458.


Package Listings Warning: Text dropped after begin of listing on input line 1470.

[41]
<./img//autorole_set.jpg, id=734, 229.35687pt x 79.29625pt>
File: ./img//autorole_set.jpg Graphic file (type jpg)
<use ./img//autorole_set.jpg>
Package pdftex.def Info: ./img//autorole_set.jpg  used on input line 1488.
(pdftex.def)             Requested size: 227.064pt x 78.50351pt.
<./img//autorole_given.jpg, id=735, 449.17813pt x 333.74687pt>
File: ./img//autorole_given.jpg Graphic file (type jpg)
<use ./img//autorole_given.jpg>
Package pdftex.def Info: ./img//autorole_given.jpg  used on input line 1493.
(pdftex.def)             Requested size: 314.42255pt x 233.62122pt.


LaTeX Warning: `!h' float specifier changed to `!ht'.

[42 <./img//autorole_set.jpg>]
Overfull \hbox (4.43489pt too wide) in paragraph at lines 1499--1506
\T1/lmr/m/n/12 Napl·nov·nÌ ud·-losti je za-ji≤-t•no po-mocÌ p∞Ì-kazu \T1/lmr/m/it/12 events echat\T1/lmr/m/n/12 , zkrat-kou za ^^R  events
 []

<./img//eventukazka.jpg, id=753, 385.94188pt x 266.9975pt>
File: ./img//eventukazka.jpg Graphic file (type jpg)
<use ./img//eventukazka.jpg>
Package pdftex.def Info: ./img//eventukazka.jpg  used on input line 1508.
(pdftex.def)             Requested size: 382.08363pt x 264.32832pt.

LaTeX Warning: `!h' float specifier changed to `!ht'.

[43 <./img//autorole_given.jpg>] [44 <./img//eventukazka.jpg>]

Package Listings Warning: Text dropped after begin of listing on input line 1535.


Package Listings Warning: Text dropped after begin of listing on input line 1565.

[45]
<./img//jukebox_play.jpg, id=797, 231.86626pt x 87.82813pt>
File: ./img//jukebox_play.jpg Graphic file (type jpg)
<use ./img//jukebox_play.jpg>
Package pdftex.def Info: ./img//jukebox_play.jpg  used on input line 1600.
(pdftex.def)             Requested size: 229.54828pt x 86.95009pt.
<./img//audio_playing.jpg, id=798, 168.63pt x 71.26625pt>
File: ./img//audio_playing.jpg Graphic file (type jpg)
<use ./img//audio_playing.jpg>
Package pdftex.def Info: ./img//audio_playing.jpg  used on input line 1605.
(pdftex.def)             Requested size: 202.35497pt x 85.51904pt.


LaTeX Warning: `!h' float specifier changed to `!ht'.

[46 <./img//jukebox_play.jpg>]

Package Listings Warning: Text dropped after begin of listing on input line 1614.

[47 <./img//audio_playing.jpg>]

Package Listings Warning: Text dropped after begin of listing on input line 1645.

[48] [49

] [50

] [51

] (./kidiplom.acr) [52

]
Underfull \hbox (badness 2285) in paragraph at lines 1811--1812
[]\T1/lmr/m/n/12 Chanty. \T1/lmr/m/it/12 Slack vs Dis-cord ^^U Ga-ming, Wor-king or Both? \T1/lmr/m/n/12 [on-line]. 2022.
 []


Underfull \hbox (badness 10000) in paragraph at lines 1811--1812
\T1/lmr/m/n/12 [cit. 2023-16-03]. Do-stupnÈ z: [][]$\T1/pcr/m/n/12 https : / / www . chanty . com / blog /
 []


Underfull \hbox (badness 10000) in paragraph at lines 1820--1822
[]\T1/lmr/m/n/12 Discord. \T1/lmr/m/it/12 Com-mu-nity Re-sour-ces. \T1/lmr/m/n/12 [on-line]. 2015. [cit. 2023-18-03]. Do-
 []


Underfull \hbox (badness 10000) in paragraph at lines 1820--1822
\T1/lmr/m/n/12 stupnÈ z: [][]$\T1/pcr/m/n/12 https : / / discord . com / developers / docs / topics /
 []


AED: lastpage setting LastPage
[53

] (./kidiplom.aux)

LaTeX Warning: There were multiply-defined labels.

 ) 
Here is how much of TeX's memory you used:
 23976 strings out of 476024
 405021 string characters out of 5794016
 2056382 words of memory out of 5000000
 43477 multiletter control sequences out of 15000+600000
 571591 words of font info for 75 fonts, out of 8000000 for 9000
 1141 hyphenation exceptions out of 8191
 126i,10n,120p,2663b,1468s stack positions out of 10000i,1000n,20000p,200000b,200000s
{c:/texlive/2022/texmf-dist/fonts/enc/dvips/base/8r.enc}{c:/texlive/2022/texmf-dist/fonts/enc/dvips/lm/lm-ec.enc}<c:/texlive/2022/texmf-dist/fonts/type1/public/lm/lmbx10.pfb><c:/texlive/2022/texmf-dist/fonts/type1/public/lm/lmbx12.pfb><c:/texlive/2022/texmf-dist/fonts/type1/public/lm/lmr10.pfb><c:/texlive/2022/texmf-dist/fonts/type1/public/lm/lmr12.pfb><c:/texlive/2022/texmf-dist/fonts/type1/public/lm/lmr17.pfb><c:/texlive/2022/texmf-dist/fonts/type1/public/lm/lmri12.pfb><c:/texlive/2022/texmf-dist/fonts/type1/urw/courier/ucrb8a.pfb><c:/texlive/2022/texmf-dist/fonts/type1/urw/courier/ucrr8a.pfb>
Output written on kidiplom.pdf (53 pages, 1459648 bytes).
PDF statistics:
 1225 PDF objects out of 1440 (max. 8388607)
 1121 compressed objects within 12 object streams
 495 named destinations out of 1000 (max. 500000)
 525 words of extra memory for PDF output out of 10000 (max. 10000000)

